{"C:/Users/inesh/Desktop/health-app/src/views/Home.vue": {"path":"C:/Users/inesh/Desktop/health-app/src/views/Home.vue","statementMap":{"0":{"start":{"line":27,"column":0},"end":{"line":29,"column":3}},"1":{"start":{"line":28,"column":4},"end":{"line":28,"column":23}},"2":{"start":{"line":32,"column":0},"end":{"line":32,"column":29}},"3":{"start":{"line":33,"column":17},"end":{"line":36,"column":2}},"4":{"start":{"line":37,"column":11},"end":{"line":46,"column":2}},"5":{"start":{"line":47,"column":14},"end":{"line":51,"column":2}},"6":{"start":{"line":53,"column":4},"end":{"line":60,"column":6}},"7":{"start":{"line":61,"column":4},"end":{"line":64,"column":6}},"8":{"start":{"line":65,"column":4},"end":{"line":65,"column":33}},"9":{"start":{"line":68,"column":4},"end":{"line":68,"column":34}},"10":{"start":{"line":68,"column":15},"end":{"line":68,"column":34}},"11":{"start":{"line":69,"column":4},"end":{"line":69,"column":58}},"12":{"start":{"line":69,"column":28},"end":{"line":69,"column":58}},"13":{"start":{"line":70,"column":4},"end":{"line":70,"column":65}},"14":{"start":{"line":70,"column":35},"end":{"line":70,"column":65}},"15":{"start":{"line":71,"column":4},"end":{"line":71,"column":50}},"16":{"start":{"line":71,"column":20},"end":{"line":71,"column":50}},"17":{"start":{"line":74,"column":4},"end":{"line":74,"column":25}},"18":{"start":{"line":74,"column":15},"end":{"line":74,"column":25}},"19":{"start":{"line":75,"column":4},"end":{"line":75,"column":58}},"20":{"start":{"line":75,"column":28},"end":{"line":75,"column":58}},"21":{"start":{"line":76,"column":4},"end":{"line":76,"column":57}},"22":{"start":{"line":76,"column":34},"end":{"line":76,"column":57}},"23":{"start":{"line":77,"column":4},"end":{"line":77,"column":67}},"24":{"start":{"line":77,"column":35},"end":{"line":77,"column":67}},"25":{"start":{"line":78,"column":4},"end":{"line":78,"column":40}},"26":{"start":{"line":78,"column":20},"end":{"line":78,"column":40}},"27":{"start":{"line":2,"column":9},"end":{"line":2,"column":null}},"28":{"start":{"line":3,"column":13},"end":{"line":3,"column":null}},"29":{"start":{"line":6,"column":13},"end":{"line":6,"column":null}},"30":{"start":{"line":14,"column":17},"end":{"line":14,"column":null}},"31":{"start":{"line":15,"column":19},"end":{"line":15,"column":61}},"32":{"start":{"line":16,"column":19},"end":{"line":16,"column":63}}},"fnMap":{"0":{"name":"(anonymous_1)","decl":{"start":{"line":27,"column":10},"end":{"line":27,"column":11}},"loc":{"start":{"line":27,"column":16},"end":{"line":29,"column":1}}},"1":{"name":"createDonutChart","decl":{"start":{"line":52,"column":9},"end":{"line":52,"column":25}},"loc":{"start":{"line":52,"column":28},"end":{"line":66,"column":1}}},"2":{"name":"getDonutColorArray","decl":{"start":{"line":67,"column":9},"end":{"line":67,"column":27}},"loc":{"start":{"line":67,"column":35},"end":{"line":72,"column":1}}},"3":{"name":"gradeComment","decl":{"start":{"line":73,"column":9},"end":{"line":73,"column":21}},"loc":{"start":{"line":73,"column":30},"end":{"line":79,"column":1}}}},"branchMap":{"0":{"loc":{"start":{"line":68,"column":4},"end":{"line":68,"column":34}},"type":"if","locations":[{"start":{"line":68,"column":4},"end":{"line":68,"column":34}},{"start":{},"end":{}}]},"1":{"loc":{"start":{"line":69,"column":4},"end":{"line":69,"column":58}},"type":"if","locations":[{"start":{"line":69,"column":4},"end":{"line":69,"column":58}},{"start":{},"end":{}}]},"2":{"loc":{"start":{"line":69,"column":7},"end":{"line":69,"column":26}},"type":"binary-expr","locations":[{"start":{"line":69,"column":7},"end":{"line":69,"column":12}},{"start":{"line":69,"column":16},"end":{"line":69,"column":26}}]},"3":{"loc":{"start":{"line":70,"column":4},"end":{"line":70,"column":65}},"type":"if","locations":[{"start":{"line":70,"column":4},"end":{"line":70,"column":65}},{"start":{},"end":{}}]},"4":{"loc":{"start":{"line":70,"column":7},"end":{"line":70,"column":33}},"type":"binary-expr","locations":[{"start":{"line":70,"column":7},"end":{"line":70,"column":18}},{"start":{"line":70,"column":23},"end":{"line":70,"column":33}}]},"5":{"loc":{"start":{"line":71,"column":4},"end":{"line":71,"column":50}},"type":"if","locations":[{"start":{"line":71,"column":4},"end":{"line":71,"column":50}},{"start":{},"end":{}}]},"6":{"loc":{"start":{"line":74,"column":4},"end":{"line":74,"column":25}},"type":"if","locations":[{"start":{"line":74,"column":4},"end":{"line":74,"column":25}},{"start":{},"end":{}}]},"7":{"loc":{"start":{"line":75,"column":4},"end":{"line":75,"column":58}},"type":"if","locations":[{"start":{"line":75,"column":4},"end":{"line":75,"column":58}},{"start":{},"end":{}}]},"8":{"loc":{"start":{"line":75,"column":7},"end":{"line":75,"column":26}},"type":"binary-expr","locations":[{"start":{"line":75,"column":7},"end":{"line":75,"column":12}},{"start":{"line":75,"column":16},"end":{"line":75,"column":26}}]},"9":{"loc":{"start":{"line":76,"column":4},"end":{"line":76,"column":57}},"type":"if","locations":[{"start":{"line":76,"column":4},"end":{"line":76,"column":57}},{"start":{},"end":{}}]},"10":{"loc":{"start":{"line":76,"column":7},"end":{"line":76,"column":32}},"type":"binary-expr","locations":[{"start":{"line":76,"column":7},"end":{"line":76,"column":18}},{"start":{"line":76,"column":22},"end":{"line":76,"column":32}}]},"11":{"loc":{"start":{"line":77,"column":4},"end":{"line":77,"column":67}},"type":"if","locations":[{"start":{"line":77,"column":4},"end":{"line":77,"column":67}},{"start":{},"end":{}}]},"12":{"loc":{"start":{"line":77,"column":7},"end":{"line":77,"column":33}},"type":"binary-expr","locations":[{"start":{"line":77,"column":7},"end":{"line":77,"column":18}},{"start":{"line":77,"column":23},"end":{"line":77,"column":33}}]},"13":{"loc":{"start":{"line":78,"column":4},"end":{"line":78,"column":40}},"type":"if","locations":[{"start":{"line":78,"column":4},"end":{"line":78,"column":40}},{"start":{},"end":{}}]}},"s":{"0":2,"1":2,"2":2,"3":2,"4":2,"5":2,"6":2,"7":2,"8":2,"9":12,"10":6,"11":6,"12":1,"13":5,"14":2,"15":3,"16":3,"17":10,"18":6,"19":4,"20":1,"21":3,"22":1,"23":2,"24":1,"25":1,"26":1,"27":1,"28":1,"29":1,"30":1,"31":1,"32":1},"f":{"0":2,"1":2,"2":12,"3":10},"b":{"0":[6,6],"1":[1,5],"2":[6,6],"3":[2,3],"4":[5,5],"5":[3,0],"6":[6,4],"7":[1,3],"8":[4,4],"9":[1,2],"10":[3,3],"11":[1,1],"12":[2,2],"13":[1,0]}}
}
